<?xml version="1.0" encoding="UTF-8" ?>
<testsuite errors="0" failures="0" hostname="Mutuarization-2.local" name="com.flatironschool.javacs.ListClientExampleTest" skipped="0" tests="1" time="0.062" timestamp="2016-04-02T11:53:36">
  <properties>
    <property name="java.vendor" value="Oracle Corporation" />
    <property name="sun.java.launcher" value="SUN_STANDARD" />
    <property name="env.XPC_SERVICE_NAME" value="0" />
    <property name="env.PERLBREW_PERL" value="perl-5.16.0" />
    <property name="sun.management.compiler" value="HotSpot 64-Bit Tiered Compilers" />
    <property name="env._system_arch" value="x86_64" />
    <property name="env.GEM_HOME" value="/Users/emusyoka/.rvm/gems/ruby-2.3.0" />
    <property name="os.name" value="Mac OS X" />
    <property name="sun.boot.class.path" value="/Library/Java/JavaVirtualMachines/jdk1.8.0_74.jdk/Contents/Home/jre/lib/resources.jar:/Library/Java/JavaVirtualMachines/jdk1.8.0_74.jdk/Contents/Home/jre/lib/rt.jar:/Library/Java/JavaVirtualMachines/jdk1.8.0_74.jdk/Contents/Home/jre/lib/sunrsasign.jar:/Library/Java/JavaVirtualMachines/jdk1.8.0_74.jdk/Contents/Home/jre/lib/jsse.jar:/Library/Java/JavaVirtualMachines/jdk1.8.0_74.jdk/Contents/Home/jre/lib/jce.jar:/Library/Java/JavaVirtualMachines/jdk1.8.0_74.jdk/Contents/Home/jre/lib/charsets.jar:/Library/Java/JavaVirtualMachines/jdk1.8.0_74.jdk/Contents/Home/jre/lib/jfr.jar:/Library/Java/JavaVirtualMachines/jdk1.8.0_74.jdk/Contents/Home/jre/classes" />
    <property name="env.TMPDIR" value="/var/folders/6j/np9tk07542j8vn3mtc85z3zc0000gn/T/" />
    <property name="env.PWD" value="/Users/emusyoka/Desktop/Projects/codeu/cs-swapping-implementations-lab-codeU" />
    <property name="env.LANG" value="en_US.UTF-8" />
    <property name="java.vm.specification.vendor" value="Oracle Corporation" />
    <property name="ant.home" value="/usr/local/Cellar/ant/1.9.6/libexec" />
    <property name="java.runtime.version" value="1.8.0_74-b02" />
    <property name="env.MY_RUBY_HOME" value="/Users/emusyoka/.rvm/rubies/ruby-2.3.0" />
    <property name="env.JAVA_MAIN_CLASS_12240" value="org.apache.tools.ant.launch.Launcher" />
    <property name="env.Apple_PubSub_Socket_Render" value="/private/tmp/com.apple.launchd.fNlWrWVxUJ/Render" />
    <property name="env.DISPLAY" value="/private/tmp/com.apple.launchd.7EbEdPosQh/org.macosforge.xquartz:0" />
    <property name="env.rvm_version" value="1.27.0 (latest)" />
    <property name="user.name" value="emusyoka" />
    <property name="env.USER" value="emusyoka" />
    <property name="env.SHELL" value="/bin/bash" />
    <property name="env.__CF_USER_TEXT_ENCODING" value="0x1F5:0x0:0x0" />
    <property name="env.PERLBREW_ROOT" value="/Users/emusyoka/perl5/perlbrew" />
    <property name="env.PERLBREW_BASHRC_VERSION" value="0.73" />
    <property name="env._system_type" value="Darwin" />
    <property name="env.PATH" value="/Users/emusyoka/.rvm/gems/ruby-2.3.0/bin:/Users/emusyoka/.rvm/gems/ruby-2.3.0@global/bin:/Users/emusyoka/.rvm/rubies/ruby-2.3.0/bin:/Users/emusyoka/perl5/perlbrew/bin:/Users/emusyoka/perl5/perlbrew/perls/perl-5.16.0/bin:/Users/emusyoka/.rbenv/shims:/usr/local/bin:/usr/bin:/bin:/usr/sbin:/sbin:/opt/X11/bin:/Users/emusyoka/bin:/Users/emusyoka/.rvm/bin" />
    <property name="user.language" value="en" />
    <property name="env.rvm_prefix" value="/Users/emusyoka" />
    <property name="sun.boot.library.path" value="/Library/Java/JavaVirtualMachines/jdk1.8.0_74.jdk/Contents/Home/jre/lib" />
    <property name="ant.project.default-target" value="build" />
    <property name="env.XPC_FLAGS" value="0x0" />
    <property name="ant.project.name" value="JavaCS" />
    <property name="env.rvm_path" value="/Users/emusyoka/.rvm" />
    <property name="env.RUBY_VERSION" value="ruby-2.3.0" />
    <property name="java.version" value="1.8.0_74" />
    <property name="user.timezone" value="" />
    <property name="sun.arch.data.model" value="64" />
    <property name="env._system_name" value="OSX" />
    <property name="http.nonProxyHosts" value="local|*.local|169.254/16|*.169.254/16" />
    <property name="java.endorsed.dirs" value="/Library/Java/JavaVirtualMachines/jdk1.8.0_74.jdk/Contents/Home/jre/lib/endorsed" />
    <property name="sun.cpu.isalist" value="" />
    <property name="sun.jnu.encoding" value="UTF-8" />
    <property name="env.rvm_bin_path" value="/Users/emusyoka/.rvm/bin" />
    <property name="file.encoding.pkg" value="sun.io" />
    <property name="env.SHLVL" value="3" />
    <property name="file.separator" value="/" />
    <property name="env._system_version" value="10.10" />
    <property name="java.specification.name" value="Java Platform API Specification" />
    <property name="env.PERLBREW_HOME" value="/Users/emusyoka/.perlbrew" />
    <property name="java.class.version" value="52.0" />
    <property name="user.country" value="US" />
    <property name="ant.file.JavaCS" value="/Users/emusyoka/Desktop/Projects/codeu/cs-swapping-implementations-lab-codeU/javacs-lab01/build.xml" />
    <property name="java.home" value="/Library/Java/JavaVirtualMachines/jdk1.8.0_74.jdk/Contents/Home/jre" />
    <property name="java.vm.info" value="mixed mode" />
    <property name="env.LOGNAME" value="emusyoka" />
    <property name="ant.file" value="/Users/emusyoka/Desktop/Projects/codeu/cs-swapping-implementations-lab-codeU/javacs-lab01/build.xml" />
    <property name="os.version" value="10.10.4" />
    <property name="env.TERM_PROGRAM_VERSION" value="343.7" />
    <property name="path.separator" value=":" />
    <property name="java.vm.version" value="25.74-b02" />
    <property name="ant.library.dir" value="/usr/local/Cellar/ant/1.9.6/libexec/lib" />
    <property name="junit.output.dir" value="junit" />
    <property name="env.IRBRC" value="/Users/emusyoka/.rvm/rubies/ruby-2.3.0/.irbrc" />
    <property name="java.awt.printerjob" value="sun.lwawt.macosx.CPrinterJob" />
    <property name="env.TERM" value="xterm-256color" />
    <property name="sun.io.unicode.encoding" value="UnicodeBig" />
    <property name="awt.toolkit" value="sun.lwawt.macosx.LWCToolkit" />
    <property name="socksNonProxyHosts" value="local|*.local|169.254/16|*.169.254/16" />
    <property name="env.MANPATH" value="/Users/emusyoka/perl5/perlbrew/perls/perl-5.16.0/man:/usr/local/share/man:/usr/share/man:/opt/X11/share/man:/Applications/Xcode.app/Contents/Developer/usr/share/man:/Applications/Xcode.app/Contents/Developer/Toolchains/XcodeDefault.xctoolchain/usr/share/man" />
    <property name="ftp.nonProxyHosts" value="local|*.local|169.254/16|*.169.254/16" />
    <property name="env.GEM_PATH" value="/Users/emusyoka/.rvm/gems/ruby-2.3.0:/Users/emusyoka/.rvm/gems/ruby-2.3.0@global" />
    <property name="target" value="1.6" />
    <property name="user.home" value="/Users/emusyoka" />
    <property name="java.specification.vendor" value="Oracle Corporation" />
    <property name="env.TERM_PROGRAM" value="Apple_Terminal" />
    <property name="java.vendor.url" value="http://java.oracle.com/" />
    <property name="java.library.path" value="/Users/emusyoka/Library/Java/Extensions:/Library/Java/Extensions:/Network/Library/Java/Extensions:/System/Library/Java/Extensions:/usr/lib/java:." />
    <property name="java.vm.vendor" value="Oracle Corporation" />
    <property name="gopherProxySet" value="false" />
    <property name="java.runtime.name" value="Java(TM) SE Runtime Environment" />
    <property name="java.class.path" value="/Users/emusyoka/Desktop/Projects/codeu/cs-swapping-implementations-lab-codeU/javacs-lab01/bin:/Users/emusyoka/Desktop/Projects/codeu/cs-swapping-implementations-lab-codeU/javacs-lab01/lib/junit-4.12.jar:/Users/emusyoka/Desktop/Projects/codeu/cs-swapping-implementations-lab-codeU/javacs-lab01/lib/hamcrest-core-1.3.jar:/usr/local/Cellar/ant/1.9.6/libexec/lib/ant-launcher.jar:/usr/local/Cellar/ant/1.9.6/libexec/lib/ant.jar:/usr/local/Cellar/ant/1.9.6/libexec/lib/ant-junit.jar:/usr/local/Cellar/ant/1.9.6/libexec/lib/ant-junit4.jar" />
    <property name="sun.java.command" value="org.apache.tools.ant.taskdefs.optional.junit.JUnitTestRunner com.flatironschool.javacs.ListClientExampleTest skipNonTests=false filtertrace=true haltOnError=false haltOnFailure=false formatter=org.apache.tools.ant.taskdefs.optional.junit.OutErrSummaryJUnitResultFormatter showoutput=false outputtoformatters=true logfailedtests=true threadid=0 logtestlistenerevents=false formatter=org.apache.tools.ant.taskdefs.optional.junit.XMLJUnitResultFormatter,/Users/emusyoka/Desktop/Projects/codeu/cs-swapping-implementations-lab-codeU/javacs-lab01/junit/TEST-com.flatironschool.javacs.ListClientExampleTest.xml formatter=org.apache.tools.ant.taskdefs.optional.junit.PlainJUnitResultFormatter crashfile=/Users/emusyoka/Desktop/Projects/codeu/cs-swapping-implementations-lab-codeU/javacs-lab01/junitvmwatcher1977157907575341780.properties propsfile=/Users/emusyoka/Desktop/Projects/codeu/cs-swapping-implementations-lab-codeU/javacs-lab01/junit707196532670842938.properties" />
    <property name="ant.version" value="Apache Ant(TM) version 1.9.6 compiled on June 29 2015" />
    <property name="env.TERM_SESSION_ID" value="013FE64A-4D70-4A2C-A80C-85A454027A71" />
    <property name="ant.file.type.JavaCS" value="file" />
    <property name="java.vm.specification.name" value="Java Virtual Machine Specification" />
    <property name="ant.file.type" value="file" />
    <property name="java.vm.specification.version" value="1.8" />
    <property name="sun.os.patch.level" value="unknown" />
    <property name="sun.cpu.endian" value="little" />
    <property name="debuglevel" value="source,lines,vars" />
    <property name="env.HOME" value="/Users/emusyoka" />
    <property name="java.io.tmpdir" value="/var/folders/6j/np9tk07542j8vn3mtc85z3zc0000gn/T/" />
    <property name="java.vendor.url.bug" value="http://bugreport.sun.com/bugreport/" />
    <property name="env.SSH_AUTH_SOCK" value="/private/tmp/com.apple.launchd.pEg4LZ4cCd/Listeners" />
    <property name="env.PERLBREW_VERSION" value="0.73" />
    <property name="java.awt.graphicsenv" value="sun.awt.CGraphicsEnvironment" />
    <property name="os.arch" value="x86_64" />
    <property name="env.PERLBREW_MANPATH" value="/Users/emusyoka/perl5/perlbrew/perls/perl-5.16.0/man" />
    <property name="java.ext.dirs" value="/Users/emusyoka/Library/Java/Extensions:/Library/Java/JavaVirtualMachines/jdk1.8.0_74.jdk/Contents/Home/jre/lib/ext:/Library/Java/Extensions:/Network/Library/Java/Extensions:/System/Library/Java/Extensions:/usr/lib/java" />
    <property name="user.dir" value="/Users/emusyoka/Desktop/Projects/codeu/cs-swapping-implementations-lab-codeU" />
    <property name="line.separator" value="&#xa;" />
    <property name="env.PERLBREW_PATH" value="/Users/emusyoka/perl5/perlbrew/bin:/Users/emusyoka/perl5/perlbrew/perls/perl-5.16.0/bin" />
    <property name="java.vm.name" value="Java HotSpot(TM) 64-Bit Server VM" />
    <property name="basedir" value="/Users/emusyoka/Desktop/Projects/codeu/cs-swapping-implementations-lab-codeU/javacs-lab01" />
    <property name="ant.java.version" value="1.8" />
    <property name="ant.core.lib" value="/usr/local/Cellar/ant/1.9.6/libexec/lib/ant.jar" />
    <property name="source" value="1.6" />
    <property name="file.encoding" value="UTF-8" />
    <property name="java.specification.version" value="1.8" />
    <property name="ant.project.invoked-targets" value="test" />
  </properties>
  <testcase classname="com.flatironschool.javacs.ListClientExampleTest" name="testListClientExample" time="0.004" />
  <system-out><![CDATA[]]></system-out>
  <system-err><![CDATA[]]></system-err>
</testsuite>
